<?xml version="1.0" encoding="UTF-8"?>
<!-- Generated by org.testng.reporters.JUnitReportReporter -->
<testsuite hostname="NHCLPT520" failures="0" tests="12" name="org.runner.Runner" time="341.524" errors="0" timestamp="28 Jan 2023 06:35:21 GMT" skipped="0">
  <testcase classname="org.runner.Runner" name="runScenario" time="23.465"/>
  <testcase classname="org.runner.Runner" name="runScenario" time="23.152"/>
  <testcase classname="org.runner.Runner" name="runScenario" time="6.026"/>
  <testcase classname="org.runner.Runner" name="runScenario" time="51.632"/>
  <testcase classname="org.runner.Runner" name="runScenario" time="11.389"/>
  <testcase classname="org.runner.Runner" name="runScenario" time="42.220"/>
  <testcase classname="org.runner.Runner" name="runScenario" time="23.147"/>
  <testcase classname="org.runner.Runner" name="runScenario" time="11.578"/>
  <testcase classname="org.runner.Runner" name="runScenario" time="23.420"/>
  <testcase classname="org.runner.Runner" name="runScenario" time="51.567"/>
  <testcase classname="org.runner.Runner" name="runScenario" time="15.377"/>
  <testcase classname="org.runner.Runner" name="runScenario" time="58.551"/>
</testsuite> <!-- org.runner.Runner -->
